<?xml version="1.0" encoding="UTF-8"?>
<!-- Generated by org.testng.reporters.JUnitReportReporter -->
<testsuite hostname="Julidell" name="com.practiceseleniumproject.test.NavigationByLinksTest" tests="4" failures="0" timestamp="5 Jun 2017 10:19:42 GMT" time="23.996" errors="0">
  <testcase name="navigationLetsTalkTeaPage" time="9.171" classname="com.practiceseleniumproject.test.NavigationByLinksTest"/>
  <testcase name="testOurPassionLink" time="3.487" classname="com.practiceseleniumproject.test.NavigationByLinksTest"/>
  <testcase name="navigationCheckOutPage" time="7.812" classname="com.practiceseleniumproject.test.NavigationByLinksTest"/>
  <testcase name="testMenuLink" time="3.526" classname="com.practiceseleniumproject.test.NavigationByLinksTest"/>
</testsuite> <!-- com.practiceseleniumproject.test.NavigationByLinksTest -->
